<?xml version="1.0" encoding="UTF-8"?><testsuite errors="1" failures="0" name="probar login en el sitio web" skipped="0" tests="1" time="23.47" timestamp="2022-11-26 12:40:34"><testcase name="login en el sitio"><error message="no such element: Unable to locate element: {&quot;method&quot;:&quot;xpath&quot;,&quot;selector&quot;:&quot;//h1[contains(text(),'Dashboard')]&quot;}&#10;  (Session info: chrome=107.0.5304.121)&#10;For documentation on this error, please visit: https://www.seleniumhq.org/exceptions/no_such_element.html&#10;Build info: version: '3.141.59', revision: 'e82be7d358', time: '2018-11-14T08:17:03'&#10;System info: host: 'LAPTOP-GVBC4R9S', ip: '192.168.1.10', os.name: 'Windows 10', os.arch: 'amd64', os.version: '10.0', java.version: '11.0.2'&#10;Driver info: org.openqa.selenium.chrome.ChromeDriver&#10;Capabilities {acceptInsecureCerts: false, browserName: chrome, browserVersion: 107.0.5304.121, chrome: {chromedriverVersion: 107.0.5304.62 (1eec40d3a576..., userDataDir: C:\Users\LULU\AppData\Local...}, goog:chromeOptions: {debuggerAddress: localhost:53744}, javascriptEnabled: true, networkConnectionEnabled: false, pageLoadStrategy: normal, platform: WINDOWS, platformName: WINDOWS, proxy: Proxy(), setWindowRect: true, strictFileInteractability: false, timeouts: {implicit: 0, pageLoad: 300000, script: 30000}, unhandledPromptBehavior: dismiss and notify, webauthn:extension:credBlob: true, webauthn:extension:largeBlob: true, webauthn:virtualAuthenticators: true}&#10;Session ID: e30cca787bb74db126fd7d6b0990d82e&#10;*** Element info: {Using=xpath, value=//h1[contains(text(),'Dashboard')]}" type="java.lang.AssertionError">no such element: Unable to locate element: {"method":"xpath","selector":"//h1[contains(text(),'Dashboard')]"}
  (Session info: chrome=107.0.5304.121)
For documentation on this error, please visit: https://www.seleniumhq.org/exceptions/no_such_element.html
Build info: version: '3.141.59', revision: 'e82be7d358', time: '2018-11-14T08:17:03'
System info: host: 'LAPTOP-GVBC4R9S', ip: '192.168.1.10', os.name: 'Windows 10', os.arch: 'amd64', os.version: '10.0', java.version: '11.0.2'
Driver info: org.openqa.selenium.chrome.ChromeDriver
Capabilities {acceptInsecureCerts: false, browserName: chrome, browserVersion: 107.0.5304.121, chrome: {chromedriverVersion: 107.0.5304.62 (1eec40d3a576..., userDataDir: C:\Users\LULU\AppData\Local...}, goog:chromeOptions: {debuggerAddress: localhost:53744}, javascriptEnabled: true, networkConnectionEnabled: false, pageLoadStrategy: normal, platform: WINDOWS, platformName: WINDOWS, proxy: Proxy(), setWindowRect: true, strictFileInteractability: false, timeouts: {implicit: 0, pageLoad: 300000, script: 30000}, unhandledPromptBehavior: dismiss and notify, webauthn:extension:credBlob: true, webauthn:extension:largeBlob: true, webauthn:virtualAuthenticators: true}
Session ID: e30cca787bb74db126fd7d6b0990d82e
*** Element info: {Using=xpath, value=//h1[contains(text(),'Dashboard')]}</error><system-err>no such element: Unable to locate element: {"method":"xpath","selector":"//h1[contains(text(),'Dashboard')]"}
  (Session info: chrome=107.0.5304.121)
For documentation on this error, please visit: https://www.seleniumhq.org/exceptions/no_such_element.html
Build info: version: '3.141.59', revision: 'e82be7d358', time: '2018-11-14T08:17:03'
System info: host: 'LAPTOP-GVBC4R9S', ip: '192.168.1.10', os.name: 'Windows 10', os.arch: 'amd64', os.version: '10.0', java.version: '11.0.2'
Driver info: org.openqa.selenium.chrome.ChromeDriver
Capabilities {acceptInsecureCerts: false, browserName: chrome, browserVersion: 107.0.5304.121, chrome: {chromedriverVersion: 107.0.5304.62 (1eec40d3a576..., userDataDir: C:\Users\LULU\AppData\Local...}, goog:chromeOptions: {debuggerAddress: localhost:53744}, javascriptEnabled: true, networkConnectionEnabled: false, pageLoadStrategy: normal, platform: WINDOWS, platformName: WINDOWS, proxy: Proxy(), setWindowRect: true, strictFileInteractability: false, timeouts: {implicit: 0, pageLoad: 300000, script: 30000}, unhandledPromptBehavior: dismiss and notify, webauthn:extension:credBlob: true, webauthn:extension:largeBlob: true, webauthn:virtualAuthenticators: true}
Session ID: e30cca787bb74db126fd7d6b0990d82e
*** Element info: {Using=xpath, value=//h1[contains(text(),'Dashboard')]}&#13;
serenity.demo.stepdefinitions.LoginStepDefinitions.dianaPodraVerElDashboardEnElSitio(LoginStepDefinitions.java:49)&#13;
✽.Diana podra ver el Dashboard en el sitio(src/test/resources/features/login.feature:10)&#13;
</system-err></testcase></testsuite>